<?xml version="1.0" encoding="UTF-8"?>
<testng-results skipped="0" failed="0" ignored="0" total="1" passed="1">
  <reporter-output>
  </reporter-output>
  <suite name="Default suite" duration-ms="9778" started-at="2020-05-14T07:26:27Z" finished-at="2020-05-14T07:26:37Z">
    <groups>
    </groups>
    <test name="Default test" duration-ms="9778" started-at="2020-05-14T07:26:27Z" finished-at="2020-05-14T07:26:37Z">
      <class name="testscripts.SearchResultPageTest">
        <test-method status="PASS" signature="setup()[pri:0, instance:testscripts.SearchResultPageTest@675d3402]" name="setup" is-config="true" duration-ms="8825" started-at="2020-05-14T12:56:27Z" finished-at="2020-05-14T12:56:36Z">
          <reporter-output>
          </reporter-output>
        </test-method> <!-- setup -->
        <test-method status="PASS" signature="validateElementPresentTest()[pri:0, instance:testscripts.SearchResultPageTest@675d3402]" name="validateElementPresentTest" duration-ms="234" started-at="2020-05-14T12:56:36Z" finished-at="2020-05-14T12:56:36Z">
          <reporter-output>
          </reporter-output>
        </test-method> <!-- validateElementPresentTest -->
        <test-method status="PASS" signature="teardown()[pri:0, instance:testscripts.SearchResultPageTest@675d3402]" name="teardown" is-config="true" duration-ms="686" started-at="2020-05-14T12:56:36Z" finished-at="2020-05-14T12:56:37Z">
          <reporter-output>
          </reporter-output>
        </test-method> <!-- teardown -->
      </class> <!-- testscripts.SearchResultPageTest -->
    </test> <!-- Default test -->
  </suite> <!-- Default suite -->
</testng-results>
